<?xml version="1.0" encoding="UTF-8"?>
<!-- Generated by org.testng.reporters.JUnitXMLReporter -->
<testsuite ignored="1" hostname="TaNu-72" failures="0" tests="1" name="Default test" time="36.353" errors="0" timestamp="2026-03-19T19:09:43 IST">
  <testcase classname="testCases.TC001_HomePageTest" name="verify_search_product" time="8.695"/>
  <testcase classname="testCases.TC001_HomePageTest" name="checkHomePageVisibility" time="0.0">
    <ignored/>
  </testcase> <!-- checkHomePageVisibility -->
</testsuite> <!-- Default test -->
