<?xml version="1.0" encoding="UTF-8"?>
<testng-results ignored="1" total="2" passed="1" failed="0" skipped="0">
  <reporter-output>
  </reporter-output>
  <suite started-at="2026-03-19T19:09:07 IST" name="Default suite" finished-at="2026-03-19T19:09:43 IST" duration-ms="36353">
    <groups>
    </groups>
    <test started-at="2026-03-19T19:09:07 IST" name="Default test" finished-at="2026-03-19T19:09:43 IST" duration-ms="36353">
      <class name="testCases.TC001_HomePageTest">
        <test-method is-config="true" signature="setup()[pri:0, instance:testCases.TC001_HomePageTest@3835c46]" started-at="2026-03-19T19:09:07 IST" name="setup" finished-at="2026-03-19T19:09:28 IST" duration-ms="21237" status="PASS">
          <reporter-output>
          </reporter-output>
        </test-method> <!-- setup -->
        <test-method signature="verify_search_product()[pri:0, instance:testCases.TC001_HomePageTest@3835c46]" started-at="2026-03-19T19:09:29 IST" name="verify_search_product" finished-at="2026-03-19T19:09:38 IST" duration-ms="8695" status="PASS">
          <reporter-output>
          </reporter-output>
        </test-method> <!-- verify_search_product -->
        <test-method is-config="true" signature="tearDown()[pri:0, instance:testCases.TC001_HomePageTest@3835c46]" started-at="2026-03-19T19:09:38 IST" name="tearDown" finished-at="2026-03-19T19:09:43 IST" duration-ms="5716" status="PASS">
          <reporter-output>
          </reporter-output>
        </test-method> <!-- tearDown -->
      </class> <!-- testCases.TC001_HomePageTest -->
    </test> <!-- Default test -->
  </suite> <!-- Default suite -->
</testng-results>
