<?xml version="1.0" encoding="UTF-8"?>
<testng-results ignored="0" total="1" passed="1" failed="0" skipped="0">
  <reporter-output>
  </reporter-output>
  <suite started-at="2026-03-19T19:45:13 IST" name="Default suite" finished-at="2026-03-19T19:45:40 IST" duration-ms="27132">
    <groups>
    </groups>
    <test started-at="2026-03-19T19:45:13 IST" name="Default test" finished-at="2026-03-19T19:45:40 IST" duration-ms="27132">
      <class name="testCases.TC002_ProductPageTest">
        <test-method is-config="true" signature="setup()[pri:0, instance:testCases.TC002_ProductPageTest@20deea7f]" started-at="2026-03-19T19:45:13 IST" name="setup" finished-at="2026-03-19T19:45:26 IST" duration-ms="12826" status="PASS">
          <reporter-output>
          </reporter-output>
        </test-method> <!-- setup -->
        <test-method signature="add_product_to_cart()[pri:0, instance:testCases.TC002_ProductPageTest@20deea7f]" started-at="2026-03-19T19:45:26 IST" name="add_product_to_cart" finished-at="2026-03-19T19:45:37 IST" duration-ms="11558" status="PASS">
          <reporter-output>
          </reporter-output>
        </test-method> <!-- add_product_to_cart -->
        <test-method is-config="true" signature="tearDown()[pri:0, instance:testCases.TC002_ProductPageTest@20deea7f]" started-at="2026-03-19T19:45:37 IST" name="tearDown" finished-at="2026-03-19T19:45:40 IST" duration-ms="2626" status="PASS">
          <reporter-output>
          </reporter-output>
        </test-method> <!-- tearDown -->
      </class> <!-- testCases.TC002_ProductPageTest -->
    </test> <!-- Default test -->
  </suite> <!-- Default suite -->
</testng-results>
